2024-09-21 02:48:49,309 [INFO] 총 클래스 수: 500

=== 중복 이미지 목록 ===
2024-09-21 02:57:06,850 [INFO] 
중복 이미지: C:\Users\young\Desktop\data2\data\train\n01558993\sketch_4.JPEG (클래스: n01558993)
2024-09-21 02:57:06,851 [INFO] -> 원본 이미지: C:\Users\young\Desktop\data2\data\train\n01532829\sketch_39.JPEG (클래스: n01532829)
2024-09-21 02:57:06,851 [INFO] 
중복 이미지: C:\Users\young\Desktop\data2\data\train\n01644373\sketch_27.JPEG (클래스: n01644373)
2024-09-21 02:57:06,852 [INFO] -> 원본 이미지: C:\Users\young\Desktop\data2\data\train\n01641577\sketch_1.JPEG (클래스: n01641577)
2024-09-21 02:57:06,853 [INFO] 
중복 이미지: C:\Users\young\Desktop\data2\data\train\n01644373\sketch_7.JPEG (클래스: n01644373)
2024-09-21 02:57:06,853 [INFO] -> 원본 이미지: C:\Users\young\Desktop\data2\data\train\n01641577\sketch_18.JPEG (클래스: n01641577)
2024-09-21 02:57:06,854 [INFO] 
중복 이미지: C:\Users\young\Desktop\data2\data\train\n01698640\sketch_31.JPEG (클래스: n01698640)
2024-09-21 02:57:06,855 [INFO] -> 원본 이미지: C:\Users\young\Desktop\data2\data\train\n01697457\sketch_48.JPEG (클래스: n01697457)
2024-09-21 02:57:06,856 [INFO] 
중복 이미지: C:\Users\young\Desktop\data2\data\train\n01698640\sketch_7.JPEG (클래스: n01698640)
2024-09-21 02:57:06,857 [INFO] -> 원본 이미지: C:\Users\young\Desktop\data2\data\train\n01697457\sketch_36.JPEG (클래스: n01697457)
2024-09-21 02:57:06,857 [INFO] 
중복 이미지: C:\Users\young\Desktop\data2\data\train\n01729322\sketch_26.JPEG (클래스: n01729322)
2024-09-21 02:57:06,858 [INFO] -> 원본 이미지: C:\Users\young\Desktop\data2\data\train\n01728572\sketch_18.JPEG (클래스: n01728572)
2024-09-21 02:57:06,858 [INFO] 
중복 이미지: C:\Users\young\Desktop\data2\data\train\n01729322\sketch_6.JPEG (클래스: n01729322)
2024-09-21 02:57:06,859 [INFO] -> 원본 이미지: C:\Users\young\Desktop\data2\data\train\n01728572\sketch_4.JPEG (클래스: n01728572)
2024-09-21 02:57:06,860 [INFO] 
중복 이미지: C:\Users\young\Desktop\data2\data\train\n01739381\sketch_2.JPEG (클래스: n01739381)
2024-09-21 02:57:06,861 [INFO] -> 원본 이미지: C:\Users\young\Desktop\data2\data\train\n01728572\sketch_4.JPEG (클래스: n01728572)
2024-09-21 02:57:06,863 [INFO] 
중복 이미지: C:\Users\young\Desktop\data2\data\train\n01740131\sketch_17.JPEG (클래스: n01740131)
2024-09-21 02:57:06,864 [INFO] -> 원본 이미지: C:\Users\young\Desktop\data2\data\train\n01728572\sketch_19.JPEG (클래스: n01728572)
2024-09-21 02:57:06,865 [INFO] 
중복 이미지: C:\Users\young\Desktop\data2\data\train\n01740131\sketch_20.JPEG (클래스: n01740131)
2024-09-21 02:57:06,866 [INFO] -> 원본 이미지: C:\Users\young\Desktop\data2\data\train\n01739381\sketch_28.JPEG (클래스: n01739381)
2024-09-21 02:57:06,867 [INFO] 
중복 이미지: C:\Users\young\Desktop\data2\data\train\n01740131\sketch_32.JPEG (클래스: n01740131)
2024-09-21 02:57:06,868 [INFO] -> 원본 이미지: C:\Users\young\Desktop\data2\data\train\n01739381\sketch_28.JPEG (클래스: n01739381)
2024-09-21 02:57:06,868 [INFO] 
중복 이미지: C:\Users\young\Desktop\data2\data\train\n01740131\sketch_38.JPEG (클래스: n01740131)
2024-09-21 02:57:06,869 [INFO] -> 원본 이미지: C:\Users\young\Desktop\data2\data\train\n01728572\sketch_4.JPEG (클래스: n01728572)
2024-09-21 02:57:06,870 [INFO] 
중복 이미지: C:\Users\young\Desktop\data2\data\train\n01740131\sketch_41.JPEG (클래스: n01740131)
2024-09-21 02:57:06,870 [INFO] -> 원본 이미지: C:\Users\young\Desktop\data2\data\train\n01728572\sketch_19.JPEG (클래스: n01728572)
2024-09-21 02:57:06,871 [INFO] 
중복 이미지: C:\Users\young\Desktop\data2\data\train\n01740131\sketch_44.JPEG (클래스: n01740131)
2024-09-21 02:57:06,872 [INFO] -> 원본 이미지: C:\Users\young\Desktop\data2\data\train\n01739381\sketch_28.JPEG (클래스: n01739381)
2024-09-21 02:57:06,873 [INFO] 
중복 이미지: C:\Users\young\Desktop\data2\data\train\n01740131\sketch_5.JPEG (클래스: n01740131)
2024-09-21 02:57:06,873 [INFO] -> 원본 이미지: C:\Users\young\Desktop\data2\data\train\n01728572\sketch_19.JPEG (클래스: n01728572)
2024-09-21 02:57:06,874 [INFO] 
중복 이미지: C:\Users\young\Desktop\data2\data\train\n01740131\sketch_8.JPEG (클래스: n01740131)
2024-09-21 02:57:06,875 [INFO] -> 원본 이미지: C:\Users\young\Desktop\data2\data\train\n01739381\sketch_28.JPEG (클래스: n01739381)
2024-09-21 02:57:06,876 [INFO] 
중복 이미지: C:\Users\young\Desktop\data2\data\train\n01749939\sketch_19.JPEG (클래스: n01749939)
2024-09-21 02:57:06,876 [INFO] -> 원본 이미지: C:\Users\young\Desktop\data2\data\train\n01739381\sketch_4.JPEG (클래스: n01739381)
2024-09-21 02:57:06,879 [INFO] 
중복 이미지: C:\Users\young\Desktop\data2\data\train\n01749939\sketch_2.JPEG (클래스: n01749939)
2024-09-21 02:57:06,880 [INFO] -> 원본 이미지: C:\Users\young\Desktop\data2\data\train\n01739381\sketch_3.JPEG (클래스: n01739381)
2024-09-21 02:57:06,881 [INFO] 
중복 이미지: C:\Users\young\Desktop\data2\data\train\n01749939\sketch_40.JPEG (클래스: n01749939)
2024-09-21 02:57:06,881 [INFO] -> 원본 이미지: C:\Users\young\Desktop\data2\data\train\n01739381\sketch_29.JPEG (클래스: n01739381)
2024-09-21 02:57:06,882 [INFO] 
중복 이미지: C:\Users\young\Desktop\data2\data\train\n01753488\sketch_4.JPEG (클래스: n01753488)
2024-09-21 02:57:06,883 [INFO] -> 원본 이미지: C:\Users\young\Desktop\data2\data\train\n01728572\sketch_6.JPEG (클래스: n01728572)
2024-09-21 02:57:06,883 [INFO] 
중복 이미지: C:\Users\young\Desktop\data2\data\train\n01773797\sketch_37.JPEG (클래스: n01773797)
2024-09-21 02:57:06,884 [INFO] -> 원본 이미지: C:\Users\young\Desktop\data2\data\train\n01770081\sketch_28.JPEG (클래스: n01770081)
2024-09-21 02:57:06,885 [INFO] 
중복 이미지: C:\Users\young\Desktop\data2\data\train\n01773797\sketch_9.JPEG (클래스: n01773797)
2024-09-21 02:57:06,886 [INFO] -> 원본 이미지: C:\Users\young\Desktop\data2\data\train\n01770081\sketch_4.JPEG (클래스: n01770081)
2024-09-21 02:57:06,886 [INFO] 
중복 이미지: C:\Users\young\Desktop\data2\data\train\n01775062\sketch_12.JPEG (클래스: n01775062)
2024-09-21 02:57:06,888 [INFO] -> 원본 이미지: C:\Users\young\Desktop\data2\data\train\n01770081\sketch_4.JPEG (클래스: n01770081)
2024-09-21 02:57:06,888 [INFO] 
중복 이미지: C:\Users\young\Desktop\data2\data\train\n01775062\sketch_44.JPEG (클래스: n01775062)
2024-09-21 02:57:06,889 [INFO] -> 원본 이미지: C:\Users\young\Desktop\data2\data\train\n01774750\sketch_38.JPEG (클래스: n01774750)
2024-09-21 02:57:06,890 [INFO] 
중복 이미지: C:\Users\young\Desktop\data2\data\train\n02089867\sketch_0.JPEG (클래스: n02089867)
2024-09-21 02:57:06,890 [INFO] -> 원본 이미지: C:\Users\young\Desktop\data2\data\train\n02088632\sketch_25.JPEG (클래스: n02088632)
2024-09-21 02:57:06,891 [INFO] 
중복 이미지: C:\Users\young\Desktop\data2\data\train\n02089867\sketch_25.JPEG (클래스: n02089867)
2024-09-21 02:57:06,892 [INFO] -> 원본 이미지: C:\Users\young\Desktop\data2\data\train\n02088632\sketch_15.JPEG (클래스: n02088632)
2024-09-21 02:57:06,896 [INFO] 
중복 이미지: C:\Users\young\Desktop\data2\data\train\n02089867\sketch_31.JPEG (클래스: n02089867)
2024-09-21 02:57:06,897 [INFO] -> 원본 이미지: C:\Users\young\Desktop\data2\data\train\n02088632\sketch_44.JPEG (클래스: n02088632)
2024-09-21 02:57:06,898 [INFO] 
중복 이미지: C:\Users\young\Desktop\data2\data\train\n02089867\sketch_48.JPEG (클래스: n02089867)
2024-09-21 02:57:06,899 [INFO] -> 원본 이미지: C:\Users\young\Desktop\data2\data\train\n02088632\sketch_25.JPEG (클래스: n02088632)
2024-09-21 02:57:06,899 [INFO] 
중복 이미지: C:\Users\young\Desktop\data2\data\train\n02090379\sketch_3.JPEG (클래스: n02090379)
2024-09-21 02:57:06,900 [INFO] -> 원본 이미지: C:\Users\young\Desktop\data2\data\train\n02088632\sketch_4.JPEG (클래스: n02088632)
2024-09-21 02:57:06,901 [INFO] 
중복 이미지: C:\Users\young\Desktop\data2\data\train\n02090379\sketch_43.JPEG (클래스: n02090379)
2024-09-21 02:57:06,902 [INFO] -> 원본 이미지: C:\Users\young\Desktop\data2\data\train\n02088632\sketch_4.JPEG (클래스: n02088632)
2024-09-21 02:57:06,902 [INFO] 
중복 이미지: C:\Users\young\Desktop\data2\data\train\n02091134\sketch_36.JPEG (클래스: n02091134)
2024-09-21 02:57:06,903 [INFO] -> 원본 이미지: C:\Users\young\Desktop\data2\data\train\n02091032\sketch_2.JPEG (클래스: n02091032)
2024-09-21 02:57:06,904 [INFO] 
중복 이미지: C:\Users\young\Desktop\data2\data\train\n02097130\sketch_12.JPEG (클래스: n02097130)
2024-09-21 02:57:06,904 [INFO] -> 원본 이미지: C:\Users\young\Desktop\data2\data\train\n02097047\sketch_10.JPEG (클래스: n02097047)
2024-09-21 02:57:06,905 [INFO] 
중복 이미지: C:\Users\young\Desktop\data2\data\train\n02097209\sketch_0.JPEG (클래스: n02097209)
2024-09-21 02:57:06,906 [INFO] -> 원본 이미지: C:\Users\young\Desktop\data2\data\train\n02097047\sketch_37.JPEG (클래스: n02097047)
2024-09-21 02:57:06,906 [INFO] 
중복 이미지: C:\Users\young\Desktop\data2\data\train\n02097209\sketch_11.JPEG (클래스: n02097209)
2024-09-21 02:57:06,908 [INFO] -> 원본 이미지: C:\Users\young\Desktop\data2\data\train\n02097047\sketch_35.JPEG (클래스: n02097047)
2024-09-21 02:57:06,908 [INFO] 
중복 이미지: C:\Users\young\Desktop\data2\data\train\n02097209\sketch_25.JPEG (클래스: n02097209)
2024-09-21 02:57:06,913 [INFO] -> 원본 이미지: C:\Users\young\Desktop\data2\data\train\n02097130\sketch_35.JPEG (클래스: n02097130)
2024-09-21 02:57:06,914 [INFO] 
중복 이미지: C:\Users\young\Desktop\data2\data\train\n02097209\sketch_3.JPEG (클래스: n02097209)
2024-09-21 02:57:06,914 [INFO] -> 원본 이미지: C:\Users\young\Desktop\data2\data\train\n02097047\sketch_23.JPEG (클래스: n02097047)
2024-09-21 02:57:06,915 [INFO] 
중복 이미지: C:\Users\young\Desktop\data2\data\train\n02097209\sketch_5.JPEG (클래스: n02097209)
2024-09-21 02:57:06,916 [INFO] -> 원본 이미지: C:\Users\young\Desktop\data2\data\train\n02097047\sketch_17.JPEG (클래스: n02097047)
2024-09-21 02:57:06,917 [INFO] 
중복 이미지: C:\Users\young\Desktop\data2\data\train\n02098286\sketch_17.JPEG (클래스: n02098286)
2024-09-21 02:57:06,918 [INFO] -> 원본 이미지: C:\Users\young\Desktop\data2\data\train\n02096177\sketch_23.JPEG (클래스: n02096177)
2024-09-21 02:57:06,919 [INFO] 
중복 이미지: C:\Users\young\Desktop\data2\data\train\n02100583\sketch_13.JPEG (클래스: n02100583)
2024-09-21 02:57:06,919 [INFO] -> 원본 이미지: C:\Users\young\Desktop\data2\data\train\n02092339\sketch_29.JPEG (클래스: n02092339)
2024-09-21 02:57:06,920 [INFO] 
중복 이미지: C:\Users\young\Desktop\data2\data\train\n02100877\sketch_36.JPEG (클래스: n02100877)
2024-09-21 02:57:06,921 [INFO] -> 원본 이미지: C:\Users\young\Desktop\data2\data\train\n02100735\sketch_21.JPEG (클래스: n02100735)
2024-09-21 02:57:06,921 [INFO] 
중복 이미지: C:\Users\young\Desktop\data2\data\train\n02100877\sketch_40.JPEG (클래스: n02100877)
2024-09-21 02:57:06,922 [INFO] -> 원본 이미지: C:\Users\young\Desktop\data2\data\train\n02091831\sketch_34.JPEG (클래스: n02091831)
2024-09-21 02:57:06,923 [INFO] 
중복 이미지: C:\Users\young\Desktop\data2\data\train\n02100877\sketch_9.JPEG (클래스: n02100877)
2024-09-21 02:57:06,924 [INFO] -> 원본 이미지: C:\Users\young\Desktop\data2\data\train\n02100735\sketch_16.JPEG (클래스: n02100735)
2024-09-21 02:57:06,925 [INFO] 
중복 이미지: C:\Users\young\Desktop\data2\data\train\n02102177\sketch_22.JPEG (클래스: n02102177)
2024-09-21 02:57:06,927 [INFO] -> 원본 이미지: C:\Users\young\Desktop\data2\data\train\n02102040\sketch_29.JPEG (클래스: n02102040)
2024-09-21 02:57:06,928 [INFO] 
중복 이미지: C:\Users\young\Desktop\data2\data\train\n02102177\sketch_45.JPEG (클래스: n02102177)
2024-09-21 02:57:06,929 [INFO] -> 원본 이미지: C:\Users\young\Desktop\data2\data\train\n02101388\sketch_38.JPEG (클래스: n02101388)
2024-09-21 02:57:06,929 [INFO] 
중복 이미지: C:\Users\young\Desktop\data2\data\train\n02102318\sketch_10.JPEG (클래스: n02102318)
2024-09-21 02:57:06,930 [INFO] -> 원본 이미지: C:\Users\young\Desktop\data2\data\train\n02102040\sketch_33.JPEG (클래스: n02102040)
2024-09-21 02:57:06,931 [INFO] 
중복 이미지: C:\Users\young\Desktop\data2\data\train\n02102318\sketch_29.JPEG (클래스: n02102318)
2024-09-21 02:57:06,932 [INFO] -> 원본 이미지: C:\Users\young\Desktop\data2\data\train\n02102177\sketch_10.JPEG (클래스: n02102177)
2024-09-21 02:57:06,933 [INFO] 
중복 이미지: C:\Users\young\Desktop\data2\data\train\n02105162\sketch_15.JPEG (클래스: n02105162)
2024-09-21 02:57:06,933 [INFO] -> 원본 이미지: C:\Users\young\Desktop\data2\data\train\n02091467\sketch_16.JPEG (클래스: n02091467)
2024-09-21 02:57:06,934 [INFO] 
중복 이미지: C:\Users\young\Desktop\data2\data\train\n02113799\sketch_39.JPEG (클래스: n02113799)
2024-09-21 02:57:06,935 [INFO] -> 원본 이미지: C:\Users\young\Desktop\data2\data\train\n02113624\sketch_41.JPEG (클래스: n02113624)
2024-09-21 02:57:06,935 [INFO] 
중복 이미지: C:\Users\young\Desktop\data2\data\train\n02113799\sketch_6.JPEG (클래스: n02113799)
2024-09-21 02:57:06,936 [INFO] -> 원본 이미지: C:\Users\young\Desktop\data2\data\train\n02113624\sketch_20.JPEG (클래스: n02113624)
2024-09-21 02:57:06,937 [INFO] 
중복 이미지: C:\Users\young\Desktop\data2\data\train\n02133161\sketch_39.JPEG (클래스: n02133161)
2024-09-21 02:57:06,937 [INFO] -> 원본 이미지: C:\Users\young\Desktop\data2\data\train\n02132136\sketch_43.JPEG (클래스: n02132136)
2024-09-21 02:57:06,938 [INFO] 
중복 이미지: C:\Users\young\Desktop\data2\data\train\n02280649\sketch_7.JPEG (클래스: n02280649)
2024-09-21 02:57:06,939 [INFO] -> 원본 이미지: C:\Users\young\Desktop\data2\data\train\n02279972\sketch_25.JPEG (클래스: n02279972)
2024-09-21 02:57:06,939 [INFO] 
중복 이미지: C:\Users\young\Desktop\data2\data\train\n02281787\sketch_2.JPEG (클래스: n02281787)
2024-09-21 02:57:06,943 [INFO] -> 원본 이미지: C:\Users\young\Desktop\data2\data\train\n02279972\sketch_25.JPEG (클래스: n02279972)
2024-09-21 02:57:06,944 [INFO] 
중복 이미지: C:\Users\young\Desktop\data2\data\train\n02326432\sketch_49.JPEG (클래스: n02326432)
2024-09-21 02:57:06,945 [INFO] -> 원본 이미지: C:\Users\young\Desktop\data2\data\train\n02325366\sketch_9.JPEG (클래스: n02325366)
2024-09-21 02:57:06,946 [INFO] 
중복 이미지: C:\Users\young\Desktop\data2\data\train\n02443484\sketch_1.JPEG (클래스: n02443484)
2024-09-21 02:57:06,947 [INFO] -> 원본 이미지: C:\Users\young\Desktop\data2\data\train\n02441942\sketch_35.JPEG (클래스: n02441942)
2024-09-21 02:57:06,948 [INFO] 
중복 이미지: C:\Users\young\Desktop\data2\data\train\n02443484\sketch_22.JPEG (클래스: n02443484)
2024-09-21 02:57:06,949 [INFO] -> 원본 이미지: C:\Users\young\Desktop\data2\data\train\n02443114\sketch_34.JPEG (클래스: n02443114)
2024-09-21 02:57:06,950 [INFO] 
중복 이미지: C:\Users\young\Desktop\data2\data\train\n03109150\sketch_4.JPEG (클래스: n03109150)
2024-09-21 02:57:06,951 [INFO] -> 원본 이미지: C:\Users\young\Desktop\data2\data\train\n02951585\sketch_4.JPEG (클래스: n02951585)
2024-09-21 02:57:06,951 [INFO] 
중복 이미지: C:\Users\young\Desktop\data2\data\train\n03297495\sketch_41.JPEG (클래스: n03297495)
2024-09-21 02:57:06,952 [INFO] -> 원본 이미지: C:\Users\young\Desktop\data2\data\train\n03063689\sketch_31.JPEG (클래스: n03063689)
2024-09-21 02:57:06,952 [INFO] 
중복 이미지: C:\Users\young\Desktop\data2\data\train\n03345487\sketch_2.JPEG (클래스: n03345487)
2024-09-21 02:57:06,953 [INFO] -> 원본 이미지: C:\Users\young\Desktop\data2\data\train\n02701002\sketch_27.JPEG (클래스: n02701002)
2024-09-21 02:57:06,954 [INFO] 
중복 이미지: C:\Users\young\Desktop\data2\data\train\n03976657\sketch_31.JPEG (클래스: n03976657)
2024-09-21 02:57:06,956 [INFO] -> 원본 이미지: C:\Users\young\Desktop\data2\data\train\n03355925\sketch_33.JPEG (클래스: n03355925)
2024-09-21 02:57:06,957 [INFO] 
중복 이미지: C:\Users\young\Desktop\data2\data\train\n04141076\sketch_12.JPEG (클래스: n04141076)
2024-09-21 02:57:06,958 [INFO] -> 원본 이미지: C:\Users\young\Desktop\data2\data\train\n02892201\sketch_15.JPEG (클래스: n02892201)
2024-09-21 02:57:06,958 [INFO] 
중복 이미지: C:\Users\young\Desktop\data2\data\train\n04141076\sketch_39.JPEG (클래스: n04141076)
2024-09-21 02:57:06,959 [INFO] -> 원본 이미지: C:\Users\young\Desktop\data2\data\train\n02892201\sketch_16.JPEG (클래스: n02892201)
2024-09-21 02:57:06,960 [INFO] 
중복 이미지: C:\Users\young\Desktop\data2\data\train\n04238763\sketch_12.JPEG (클래스: n04238763)
2024-09-21 02:57:06,961 [INFO] -> 원본 이미지: C:\Users\young\Desktop\data2\data\train\n04118776\sketch_37.JPEG (클래스: n04118776)
2024-09-21 02:57:06,961 [INFO] 
중복 이미지: C:\Users\young\Desktop\data2\data\train\n04238763\sketch_2.JPEG (클래스: n04238763)
2024-09-21 02:57:06,962 [INFO] -> 원본 이미지: C:\Users\young\Desktop\data2\data\train\n04118776\sketch_9.JPEG (클래스: n04118776)
2024-09-21 02:57:06,963 [INFO] 
중복 이미지: C:\Users\young\Desktop\data2\data\train\n04238763\sketch_42.JPEG (클래스: n04238763)
2024-09-21 02:57:06,964 [INFO] -> 원본 이미지: C:\Users\young\Desktop\data2\data\train\n04118776\sketch_9.JPEG (클래스: n04118776)
2024-09-21 02:57:06,964 [INFO] 
중복 이미지: C:\Users\young\Desktop\data2\data\train\n04356056\sketch_1.JPEG (클래스: n04356056)
2024-09-21 02:57:06,965 [INFO] -> 원본 이미지: C:\Users\young\Desktop\data2\data\train\n04355933\sketch_9.JPEG (클래스: n04355933)
2024-09-21 02:57:06,966 [INFO] 
중복 이미지: C:\Users\young\Desktop\data2\data\train\n04356056\sketch_17.JPEG (클래스: n04356056)
2024-09-21 02:57:06,967 [INFO] -> 원본 이미지: C:\Users\young\Desktop\data2\data\train\n04355933\sketch_10.JPEG (클래스: n04355933)
2024-09-21 02:57:06,968 [INFO] 
중복 이미지: C:\Users\young\Desktop\data2\data\train\n04356056\sketch_30.JPEG (클래스: n04356056)
2024-09-21 02:57:06,968 [INFO] -> 원본 이미지: C:\Users\young\Desktop\data2\data\train\n04355933\sketch_19.JPEG (클래스: n04355933)
2024-09-21 02:57:06,969 [INFO] 
중복 이미지: C:\Users\young\Desktop\data2\data\train\n04356056\sketch_44.JPEG (클래스: n04356056)
2024-09-21 02:57:06,970 [INFO] -> 원본 이미지: C:\Users\young\Desktop\data2\data\train\n04355933\sketch_40.JPEG (클래스: n04355933)
2024-09-21 02:57:06,973 [INFO] 
중복 이미지: C:\Users\young\Desktop\data2\data\train\n04356056\sketch_46.JPEG (클래스: n04356056)
2024-09-21 02:57:06,974 [INFO] -> 원본 이미지: C:\Users\young\Desktop\data2\data\train\n04355933\sketch_47.JPEG (클래스: n04355933)
2024-09-21 02:57:06,974 [INFO] 
중복 이미지: C:\Users\young\Desktop\data2\data\train\n04356056\sketch_50.JPEG (클래스: n04356056)
2024-09-21 02:57:06,975 [INFO] -> 원본 이미지: C:\Users\young\Desktop\data2\data\train\n04355933\sketch_50.JPEG (클래스: n04355933)
2024-09-21 02:57:06,976 [INFO] 
중복 이미지: C:\Users\young\Desktop\data2\data\train\n04356056\sketch_8.JPEG (클래스: n04356056)
2024-09-21 02:57:06,977 [INFO] -> 원본 이미지: C:\Users\young\Desktop\data2\data\train\n04355933\sketch_31.JPEG (클래스: n04355933)
2024-09-21 02:57:06,978 [INFO] 
중복 이미지: C:\Users\young\Desktop\data2\data\train\n04380533\sketch_3.JPEG (클래스: n04380533)
2024-09-21 02:57:06,979 [INFO] -> 원본 이미지: C:\Users\young\Desktop\data2\data\train\n03637318\sketch_2.JPEG (클래스: n03637318)
2024-09-21 02:57:06,979 [INFO] 
중복 이미지: C:\Users\young\Desktop\data2\data\train\n04418357\sketch_12.JPEG (클래스: n04418357)
2024-09-21 02:57:06,980 [INFO] -> 원본 이미지: C:\Users\young\Desktop\data2\data\train\n04296562\sketch_12.JPEG (클래스: n04296562)
2024-09-21 02:57:06,980 [INFO] 
중복 이미지: C:\Users\young\Desktop\data2\data\train\n04418357\sketch_47.JPEG (클래스: n04418357)
2024-09-21 02:57:06,981 [INFO] -> 원본 이미지: C:\Users\young\Desktop\data2\data\train\n04296562\sketch_39.JPEG (클래스: n04296562)
2024-09-21 02:57:06,982 [INFO] 
중복 이미지: C:\Users\young\Desktop\data2\data\train\n04493381\sketch_15.JPEG (클래스: n04493381)
2024-09-21 02:57:06,983 [INFO] -> 원본 이미지: C:\Users\young\Desktop\data2\data\train\n02808440\sketch_47.JPEG (클래스: n02808440)
2024-09-21 02:57:06,983 [INFO] 
중복 이미지: C:\Users\young\Desktop\data2\data\train\n04493381\sketch_21.JPEG (클래스: n04493381)
2024-09-21 02:57:06,984 [INFO] -> 원본 이미지: C:\Users\young\Desktop\data2\data\train\n02808440\sketch_10.JPEG (클래스: n02808440)
2024-09-21 02:57:06,985 [INFO] 
중복 이미지: C:\Users\young\Desktop\data2\data\train\n04493381\sketch_5.JPEG (클래스: n04493381)
2024-09-21 02:57:06,987 [INFO] -> 원본 이미지: C:\Users\young\Desktop\data2\data\train\n02808440\sketch_14.JPEG (클래스: n02808440)
2024-09-21 02:57:06,989 [INFO] 
중복 이미지: C:\Users\young\Desktop\data2\data\train\n09835506\sketch_3.JPEG (클래스: n09835506)
2024-09-21 02:57:06,990 [INFO] -> 원본 이미지: C:\Users\young\Desktop\data2\data\train\n02799071\sketch_20.JPEG (클래스: n02799071)
2024-09-21 02:57:06,991 [INFO] 
중복 이미지: C:\Users\young\Desktop\data2\data\train\n13054560\sketch_27.JPEG (클래스: n13054560)
2024-09-21 02:57:06,992 [INFO] -> 원본 이미지: C:\Users\young\Desktop\data2\data\train\n07734744\sketch_27.JPEG (클래스: n07734744)
2024-09-21 02:57:06,992 [INFO] 
=== 클래스별 중복 이미지 개수 ===
2024-09-21 02:57:06,993 [INFO] 클래스 'n01558993': 1개 중복 이미지
2024-09-21 02:57:06,994 [INFO] 클래스 'n01644373': 2개 중복 이미지
2024-09-21 02:57:06,995 [INFO] 클래스 'n01698640': 2개 중복 이미지
2024-09-21 02:57:06,995 [INFO] 클래스 'n01729322': 2개 중복 이미지
2024-09-21 02:57:06,996 [INFO] 클래스 'n01739381': 1개 중복 이미지
2024-09-21 02:57:06,996 [INFO] 클래스 'n01740131': 8개 중복 이미지
2024-09-21 02:57:06,997 [INFO] 클래스 'n01749939': 3개 중복 이미지
2024-09-21 02:57:06,998 [INFO] 클래스 'n01753488': 1개 중복 이미지
2024-09-21 02:57:06,998 [INFO] 클래스 'n01773797': 2개 중복 이미지
2024-09-21 02:57:06,999 [INFO] 클래스 'n01775062': 2개 중복 이미지
2024-09-21 02:57:06,999 [INFO] 클래스 'n02089867': 4개 중복 이미지
2024-09-21 02:57:07,000 [INFO] 클래스 'n02090379': 2개 중복 이미지
2024-09-21 02:57:07,000 [INFO] 클래스 'n02091134': 1개 중복 이미지
2024-09-21 02:57:07,001 [INFO] 클래스 'n02097130': 1개 중복 이미지
2024-09-21 02:57:07,001 [INFO] 클래스 'n02097209': 5개 중복 이미지
2024-09-21 02:57:07,002 [INFO] 클래스 'n02098286': 1개 중복 이미지
2024-09-21 02:57:07,002 [INFO] 클래스 'n02100583': 1개 중복 이미지
2024-09-21 02:57:07,003 [INFO] 클래스 'n02100877': 3개 중복 이미지
2024-09-21 02:57:07,006 [INFO] 클래스 'n02102177': 2개 중복 이미지
2024-09-21 02:57:07,007 [INFO] 클래스 'n02102318': 2개 중복 이미지
2024-09-21 02:57:07,007 [INFO] 클래스 'n02105162': 1개 중복 이미지
2024-09-21 02:57:07,008 [INFO] 클래스 'n02113799': 2개 중복 이미지
2024-09-21 02:57:07,008 [INFO] 클래스 'n02133161': 1개 중복 이미지
2024-09-21 02:57:07,009 [INFO] 클래스 'n02280649': 1개 중복 이미지
2024-09-21 02:57:07,009 [INFO] 클래스 'n02281787': 1개 중복 이미지
2024-09-21 02:57:07,010 [INFO] 클래스 'n02326432': 1개 중복 이미지
2024-09-21 02:57:07,010 [INFO] 클래스 'n02443484': 2개 중복 이미지
2024-09-21 02:57:07,011 [INFO] 클래스 'n03109150': 1개 중복 이미지
2024-09-21 02:57:07,011 [INFO] 클래스 'n03297495': 1개 중복 이미지
2024-09-21 02:57:07,012 [INFO] 클래스 'n03345487': 1개 중복 이미지
2024-09-21 02:57:07,012 [INFO] 클래스 'n03976657': 1개 중복 이미지
2024-09-21 02:57:07,013 [INFO] 클래스 'n04141076': 2개 중복 이미지
2024-09-21 02:57:07,013 [INFO] 클래스 'n04238763': 3개 중복 이미지
2024-09-21 02:57:07,014 [INFO] 클래스 'n04356056': 7개 중복 이미지
2024-09-21 02:57:07,014 [INFO] 클래스 'n04380533': 1개 중복 이미지
2024-09-21 02:57:07,015 [INFO] 클래스 'n04418357': 2개 중복 이미지
2024-09-21 02:57:07,015 [INFO] 클래스 'n04493381': 3개 중복 이미지
2024-09-21 02:57:07,016 [INFO] 클래스 'n09835506': 1개 중복 이미지
2024-09-21 02:57:07,016 [INFO] 클래스 'n13054560': 1개 중복 이미지
2024-09-21 02:57:07,016 [INFO] 
=== 중복 제거 요약 ===
2024-09-21 02:57:07,018 [INFO] 총 이미지 수: 15021
2024-09-21 02:57:07,019 [INFO] 발견된 중복 이미지 수: 79
2024-09-21 02:57:07,020 [INFO] 중복 이미지가 제거되지 않았습니다. --remove 옵션을 사용하여 삭제할 수 있습니다.
